2011-05-28 01:43:23 -  - exec CUpdateClientPartner::SearchModulesEx
2011-05-28 01:43:23 -  - exec CUpdateClientPartner::__CollectRequestData
2011-05-28 01:43:23 -  - utf=N&lang=ru&stable=Y&CANGZIP=Y&SUPD_DBS=MYSQL&XE=N&CLIENT_SITE=temp.t5.ru&LICENSE_KEY=X&SUPD_STS=1&SUPD_URS=0&SUPD_URSA=1&TYPENC=F&CLIENT_PHPVER=5.2.10&dbv=5.0.67&instm=main%2C10.0.0%2CN%3Badvertising%2C9.5.2%2CN%3Bbizproc%2C9.5.3%2CN%3Bbizprocdesigner%2C9.0.5%2CN%3Bblog%2C10.0.1%2CN%3Bcatalog%2C10.0.0%2CN%3Bcompression%2C9.0.0%2CN%3Bcurrency%2C9.0.0%2CN%3Bfileman%2C10.0.0%2CN%3Bform%2C9.5.1%2CN%3Bforum%2C10.0.0%2CN%3Biblock%2C10.0.0%2CN%3Blearning%2C9.5.5%2CN%3Blists%2C9.5.4%2CN%3Bmail%2C9.5.1%2CN%3Bperfmon%2C10.0.0%2CN%3Bphotogallery%2C9.5.1%2CN%3Bsale%2C9.5.1%2CN%3Bsearch%2C10.0.0%2CN%3Bsecurity%2C10.0.0%2CN%3Bseo%2C9.5.0%2CN%3Bsitecommunity%2C10.0.0%2CN%3Bsitecorporate%2C10.0.0%2CN%3Bsiteinfoportal%2C10.0.0%2CN%3Bsitepersonal%2C10.0.0%2CN%3Bsitestore%2C9.1.0%2CN%3Bsocialnetwork%2C10.0.1%2CN%3Bsocialservices%2C10.0.1%2CN%3Bstatistic%2C10.0.0%2CN%3Bsubscribe%2C9.5.0%2CN%3Bsupport%2C9.5.2%2CN%3Btranslate%2C9.5.0%2CN%3Bvote%2C9.5.1%2CN%3Bwebservice%2C9.1.0%2CN%3Bwiki%2C10.0.0%2CN%3Bworkflow%2C9.5.2%2CN&search_module_id=&search_module=&search_category=&search_type=&search_order=ASC&search_order_by=NAME&search_page=1
2011-05-28 01:43:23 -  - exec CUpdateClientPartner::GetHTTPPage
2011-05-28 01:43:23 -  - TIME SearchModulesEx(request) 0.858 sec
2011-05-28 01:43:23 -  - exec CUpdateClientPartner::ParseServerData
2011-05-28 01:43:23 - GUL02 - [LICENSE_NOT_FOUND] Лицензия не найдена
2011-06-16 17:31:48 -  - exec CUpdateClientPartner::SearchModulesEx
2011-06-16 17:31:48 -  - exec CUpdateClientPartner::__CollectRequestData
2011-06-16 17:31:48 -  - utf=N&lang=ru&stable=Y&CANGZIP=Y&SUPD_DBS=MYSQL&XE=N&CLIENT_SITE=temp.t5.ru&LICENSE_KEY=X&SUPD_STS=1&SUPD_URS=0&SUPD_URSA=3&TYPENC=F&CLIENT_PHPVER=5.2.10&dbv=5.0.67&instm=main%2C10.0.0%2CN%3Badvertising%2C9.5.2%2CN%3Bbizproc%2C9.5.3%2CN%3Bbizprocdesigner%2C9.0.5%2CN%3Bblog%2C10.0.1%2CN%3Bcatalog%2C10.0.0%2CN%3Bcompression%2C9.0.0%2CN%3Bcurrency%2C9.0.0%2CN%3Bfileman%2C10.0.0%2CN%3Bform%2C9.5.1%2CN%3Bforum%2C10.0.0%2CN%3Biblock%2C10.0.0%2CN%3Blearning%2C9.5.5%2CN%3Blists%2C9.5.4%2CN%3Bmail%2C9.5.1%2CN%3Bperfmon%2C10.0.0%2CN%3Bphotogallery%2C9.5.1%2CN%3Bsale%2C9.5.1%2CN%3Bsearch%2C10.0.0%2CN%3Bsecurity%2C10.0.0%2CN%3Bseo%2C9.5.0%2CN%3Bsitecommunity%2C10.0.0%2CN%3Bsitecorporate%2C10.0.0%2CN%3Bsiteinfoportal%2C10.0.0%2CN%3Bsitepersonal%2C10.0.0%2CN%3Bsitestore%2C9.1.0%2CN%3Bsocialnetwork%2C10.0.1%2CN%3Bsocialservices%2C10.0.1%2CN%3Bstatistic%2C10.0.0%2CN%3Bsubscribe%2C9.5.0%2CN%3Bsupport%2C9.5.2%2CN%3Btranslate%2C9.5.0%2CN%3Bvote%2C9.5.1%2CN%3Bwebservice%2C9.1.0%2CN%3Bwiki%2C10.0.0%2CN%3Bworkflow%2C9.5.2%2CN&search_module_id=&search_module=&search_category=&search_type=&search_order=ASC&search_order_by=NAME&search_page=1
2011-06-16 17:31:48 -  - exec CUpdateClientPartner::GetHTTPPage
2011-06-16 17:31:48 -  - TIME SearchModulesEx(request) 0.774 sec
2011-06-16 17:31:48 -  - exec CUpdateClientPartner::ParseServerData
2011-06-16 17:31:48 - GUL02 - [LICENSE_NOT_FOUND] Лицензия не найдена
2011-06-16 17:31:53 -  - exec CUpdateClientPartner::GetUpdatesList
2011-06-16 17:31:53 -  - exec CUpdateClientPartner::__CollectRequestData
2011-06-16 17:31:53 -  - utf=N&lang=ru&stable=Y&CANGZIP=Y&SUPD_DBS=MYSQL&XE=N&CLIENT_SITE=temp.t5.ru&LICENSE_KEY=X&SUPD_STS=1&SUPD_URS=0&SUPD_URSA=3&TYPENC=F&CLIENT_PHPVER=5.2.10&dbv=5.0.67&instm=main%2C10.0.0%2CN%3Badvertising%2C9.5.2%2CN%3Bbizproc%2C9.5.3%2CN%3Bbizprocdesigner%2C9.0.5%2CN%3Bblog%2C10.0.1%2CN%3Bcatalog%2C10.0.0%2CN%3Bcompression%2C9.0.0%2CN%3Bcurrency%2C9.0.0%2CN%3Bfileman%2C10.0.0%2CN%3Bform%2C9.5.1%2CN%3Bforum%2C10.0.0%2CN%3Biblock%2C10.0.0%2CN%3Blearning%2C9.5.5%2CN%3Blists%2C9.5.4%2CN%3Bmail%2C9.5.1%2CN%3Bperfmon%2C10.0.0%2CN%3Bphotogallery%2C9.5.1%2CN%3Bsale%2C9.5.1%2CN%3Bsearch%2C10.0.0%2CN%3Bsecurity%2C10.0.0%2CN%3Bseo%2C9.5.0%2CN%3Bsitecommunity%2C10.0.0%2CN%3Bsitecorporate%2C10.0.0%2CN%3Bsiteinfoportal%2C10.0.0%2CN%3Bsitepersonal%2C10.0.0%2CN%3Bsitestore%2C9.1.0%2CN%3Bsocialnetwork%2C10.0.1%2CN%3Bsocialservices%2C10.0.1%2CN%3Bstatistic%2C10.0.0%2CN%3Bsubscribe%2C9.5.0%2CN%3Bsupport%2C9.5.2%2CN%3Btranslate%2C9.5.0%2CN%3Bvote%2C9.5.1%2CN%3Bwebservice%2C9.1.0%2CN%3Bwiki%2C10.0.0%2CN%3Bworkflow%2C9.5.2%2CN
2011-06-16 17:31:54 -  - exec CUpdateClientPartner::GetHTTPPage
2011-06-16 17:31:54 -  - TIME GetUpdatesList(request) 0.342 sec
2011-06-16 17:31:54 -  - exec CUpdateClientPartner::ParseServerData
