2011-05-26 19:21:03 -  - exec CUpdateClient::GetUpdatesList
2011-05-26 19:21:03 -  - exec CUpdateClient::CollectRequestData
2011-05-26 19:21:03 -  - LICENSE_KEY=X&lang=ru&SUPD_VER=9.5.6&VERSION=10.0.0&TYPENC=F&SUPD_STS=1&SUPD_URS=0&SUPD_URSA=1&SUPD_DBS=MYSQL&XE=N&CLIENT_SITE=temp.t5.ru&CANGZIP=Y&CLIENT_PHPVER=5.2.10&stable=Y&bitm_main=10.0.0&bitm_advertising=9.5.2&bitm_bizproc=9.5.3&bitm_bizprocdesigner=9.0.5&bitm_blog=10.0.1&bitm_catalog=10.0.0&bitm_compression=9.0.0&bitm_currency=9.0.0&bitm_fileman=10.0.0&bitm_form=9.5.1&bitm_forum=10.0.0&bitm_iblock=10.0.0&bitm_learning=9.5.5&bitm_lists=9.5.4&bitm_mail=9.5.1&bitm_perfmon=10.0.0&bitm_photogallery=9.5.1&bitm_sale=9.5.1&bitm_search=10.0.0&bitm_security=10.0.0&bitm_seo=9.5.0&bitm_sitecommunity=10.0.0&bitm_sitecorporate=10.0.0&bitm_siteinfoportal=10.0.0&bitm_sitepersonal=10.0.0&bitm_sitestore=9.1.0&bitm_socialnetwork=10.0.1&bitm_socialservices=10.0.1&bitm_statistic=10.0.0&bitm_subscribe=9.5.0&bitm_support=9.5.2&bitm_translate=9.5.0&bitm_vote=9.5.1&bitm_webservice=9.1.0&bitm_wiki=10.0.0&bitm_workflow=9.5.2&bitl_en=20070905&bitl_ru=&bith_ru=&bith_en=
2011-05-26 19:21:03 -  - exec CUpdateClient::GetHTTPPage
2011-05-26 19:21:03 -  - TIME GetUpdatesList(request) 0.524 sec
2011-05-26 19:21:03 -  - exec CUpdateClient::ParseServerData
2011-08-08 20:53:03 -  - exec CUpdateClient::GetUpdatesList
2011-08-08 20:53:03 -  - exec CUpdateClient::CollectRequestData
2011-08-08 20:53:03 -  - LICENSE_KEY=X&lang=ru&SUPD_VER=9.5.6&VERSION=10.0.0&TYPENC=F&SUPD_STS=1&SUPD_URS=0&SUPD_URSA=13&SUPD_DBS=MYSQL&XE=N&CLIENT_SITE=denbv.tmweb.ru&CANGZIP=Y&CLIENT_PHPVER=5.2.12&stable=Y&bitm_main=10.0.0&bitm_sitestore=9.1.0&bitm_iblock=10.0.0&bitm_currency=9.0.0&bitm_forum=10.0.0&bitm_statistic=10.0.0&bitm_mail=9.5.1&bitm_sitepersonal=10.0.0&bitm_vote=9.5.1&bitm_sale=9.5.1&bitm_workflow=9.5.2&bitm_sitecommunity=10.0.0&bitm_siteinfoportal=10.0.0&bitm_compression=9.0.0&bitm_perfmon=10.0.0&bitm_lists=9.5.4&bitm_webservice=9.1.0&bitm_security=10.0.0&bitm_socialservices=10.0.1&bitm_translate=9.5.0&bitm_search=10.0.0&bitm_wiki=10.0.0&bitm_form=9.5.1&bitm_subscribe=9.5.0&bitm_sitecorporate=10.0.0&bitm_blog=10.0.1&bitm_catalog=10.0.0&bitm_support=9.5.2&bitm_bizproc=9.5.3&bitm_learning=9.5.5&bitm_socialnetwork=10.0.1&bitm_advertising=9.5.2&bitm_fileman=10.0.0&bitm_bizprocdesigner=9.0.5&bitm_seo=9.5.0&bitm_photogallery=9.5.1&bitl_en=20070905&bitl_ru=&bith_ru=&bith_en=
2011-08-08 20:53:03 -  - exec CUpdateClient::GetHTTPPage
2011-08-08 20:53:03 -  - TIME GetUpdatesList(request) 0.24 sec
2011-08-08 20:53:03 -  - exec CUpdateClient::ParseServerData
2011-08-08 20:53:50 -  - exec CUpdateClient::GetUpdatesList
2011-08-08 20:53:50 -  - exec CUpdateClient::CollectRequestData
2011-08-08 20:53:50 -  - LICENSE_KEY=X&lang=ru&SUPD_VER=9.5.6&VERSION=10.0.0&TYPENC=F&SUPD_STS=1&SUPD_URS=0&SUPD_URSA=13&SUPD_DBS=MYSQL&XE=N&CLIENT_SITE=denbv.tmweb.ru&CANGZIP=Y&CLIENT_PHPVER=5.2.12&stable=Y&bitm_main=10.0.0&bitm_sitestore=9.1.0&bitm_iblock=10.0.0&bitm_currency=9.0.0&bitm_forum=10.0.0&bitm_statistic=10.0.0&bitm_mail=9.5.1&bitm_sitepersonal=10.0.0&bitm_vote=9.5.1&bitm_sale=9.5.1&bitm_workflow=9.5.2&bitm_sitecommunity=10.0.0&bitm_siteinfoportal=10.0.0&bitm_compression=9.0.0&bitm_perfmon=10.0.0&bitm_lists=9.5.4&bitm_webservice=9.1.0&bitm_security=10.0.0&bitm_socialservices=10.0.1&bitm_translate=9.5.0&bitm_search=10.0.0&bitm_wiki=10.0.0&bitm_form=9.5.1&bitm_subscribe=9.5.0&bitm_sitecorporate=10.0.0&bitm_blog=10.0.1&bitm_catalog=10.0.0&bitm_support=9.5.2&bitm_bizproc=9.5.3&bitm_learning=9.5.5&bitm_socialnetwork=10.0.1&bitm_advertising=9.5.2&bitm_fileman=10.0.0&bitm_bizprocdesigner=9.0.5&bitm_seo=9.5.0&bitm_photogallery=9.5.1&bitl_en=20070905&bitl_ru=&bith_ru=&bith_en=
2011-08-08 20:53:50 -  - exec CUpdateClient::GetHTTPPage
2011-08-08 20:53:50 -  - TIME GetUpdatesList(request) 0.228 sec
2011-08-08 20:53:50 -  - exec CUpdateClient::ParseServerData
2012-08-30 12:07:49 -  - exec CUpdateClient::GetUpdatesList
2012-08-30 12:07:49 -  - exec CUpdateClient::CollectRequestData
2012-08-30 12:07:49 -  - LICENSE_KEY=X&lang=ru&SUPD_VER=9.5.6&VERSION=10.0.0&TYPENC=F&SUPD_STS=1&SUPD_URS=0&SUPD_URSA=26&SUPD_DBS=MYSQL&XE=N&CLIENT_SITE=mir.1gb.ru&CANGZIP=Y&CLIENT_PHPVER=5.2.17&stable=Y&bitm_main=10.0.0&bitm_advertising=9.5.2&bitm_bizproc=9.5.3&bitm_bizprocdesigner=9.0.5&bitm_blog=10.0.1&bitm_catalog=10.0.0&bitm_compression=9.0.0&bitm_currency=9.0.0&bitm_fileman=10.0.0&bitm_form=9.5.1&bitm_forum=10.0.0&bitm_iblock=10.0.0&bitm_learning=9.5.5&bitm_lists=9.5.4&bitm_mail=9.5.1&bitm_perfmon=10.0.0&bitm_photogallery=9.5.1&bitm_sale=9.5.1&bitm_search=10.0.0&bitm_security=10.0.0&bitm_seo=9.5.0&bitm_sitecommunity=10.0.0&bitm_sitecorporate=10.0.0&bitm_siteinfoportal=10.0.0&bitm_sitepersonal=10.0.0&bitm_sitestore=9.1.0&bitm_socialnetwork=10.0.1&bitm_socialservices=10.0.1&bitm_statistic=10.0.0&bitm_subscribe=9.5.0&bitm_support=9.5.2&bitm_translate=9.5.0&bitm_vote=9.5.1&bitm_webservice=9.1.0&bitm_wiki=10.0.0&bitm_workflow=9.5.2&bitl_en=20070905&bitl_ru=&bith_ru=&bith_en=
2012-08-30 12:07:49 -  - exec CUpdateClient::GetHTTPPage
2012-08-30 12:07:49 -  - TIME GetUpdatesList(request) 0.335 sec
2012-08-30 12:07:49 -  - exec CUpdateClient::ParseServerData
2012-08-30 15:49:25 -  - exec CUpdateClient::GetUpdatesList
2012-08-30 15:49:25 -  - exec CUpdateClient::CollectRequestData
2012-08-30 15:49:25 -  - LICENSE_KEY=X&lang=ru&SUPD_VER=9.5.6&VERSION=10.0.0&TYPENC=F&SUPD_STS=1&SUPD_URS=0&SUPD_URSA=26&SUPD_DBS=MYSQL&XE=N&CLIENT_SITE=mir.1gb.ru&CANGZIP=Y&CLIENT_PHPVER=5.4.1&stable=Y&bitm_main=10.0.0&bitm_advertising=9.5.2&bitm_bizproc=9.5.3&bitm_bizprocdesigner=9.0.5&bitm_blog=10.0.1&bitm_catalog=10.0.0&bitm_compression=9.0.0&bitm_currency=9.0.0&bitm_fileman=10.0.0&bitm_form=9.5.1&bitm_forum=10.0.0&bitm_iblock=10.0.0&bitm_learning=9.5.5&bitm_lists=9.5.4&bitm_mail=9.5.1&bitm_perfmon=10.0.0&bitm_photogallery=9.5.1&bitm_sale=9.5.1&bitm_search=10.0.0&bitm_security=10.0.0&bitm_seo=9.5.0&bitm_sitecommunity=10.0.0&bitm_sitecorporate=10.0.0&bitm_siteinfoportal=10.0.0&bitm_sitepersonal=10.0.0&bitm_sitestore=9.1.0&bitm_socialnetwork=10.0.1&bitm_socialservices=10.0.1&bitm_statistic=10.0.0&bitm_subscribe=9.5.0&bitm_support=9.5.2&bitm_translate=9.5.0&bitm_vote=9.5.1&bitm_webservice=9.1.0&bitm_wiki=10.0.0&bitm_workflow=9.5.2&bitl_en=20070905&bitl_ru=&bith_ru=&bith_en=
2012-08-30 15:49:25 -  - exec CUpdateClient::GetHTTPPage
2012-08-30 15:49:25 -  - TIME GetUpdatesList(request) 0.238 sec
2012-08-30 15:49:25 -  - exec CUpdateClient::ParseServerData
2012-09-10 17:46:45 -  - exec CUpdateClient::GetUpdatesList
2012-09-10 17:46:45 -  - exec CUpdateClient::CollectRequestData
2012-09-10 17:46:46 -  - LICENSE_KEY=X&lang=ru&SUPD_VER=9.5.6&VERSION=10.0.0&TYPENC=F&SUPD_STS=1&SUPD_URS=0&SUPD_URSA=26&SUPD_DBS=MYSQL&XE=N&CLIENT_SITE=mir.neo-systems.ru&CANGZIP=Y&CLIENT_PHPVER=5.3.6&stable=Y&bitm_main=10.0.0&bitm_advertising=9.5.2&bitm_bizproc=9.5.3&bitm_bizprocdesigner=9.0.5&bitm_blog=10.0.1&bitm_catalog=10.0.0&bitm_compression=9.0.0&bitm_currency=9.0.0&bitm_fileman=10.0.0&bitm_form=9.5.1&bitm_forum=10.0.0&bitm_iblock=10.0.0&bitm_learning=9.5.5&bitm_lists=9.5.4&bitm_mail=9.5.1&bitm_perfmon=10.0.0&bitm_photogallery=9.5.1&bitm_sale=9.5.1&bitm_search=10.0.0&bitm_security=10.0.0&bitm_seo=9.5.0&bitm_sitecommunity=10.0.0&bitm_sitecorporate=10.0.0&bitm_siteinfoportal=10.0.0&bitm_sitepersonal=10.0.0&bitm_sitestore=9.1.0&bitm_socialnetwork=10.0.1&bitm_socialservices=10.0.1&bitm_statistic=10.0.0&bitm_subscribe=9.5.0&bitm_support=9.5.2&bitm_translate=9.5.0&bitm_vote=9.5.1&bitm_webservice=9.1.0&bitm_wiki=10.0.0&bitm_workflow=9.5.2&bitl_en=20070905&bitl_ru=&bith_ru=&bith_en=
2012-09-10 17:46:46 -  - exec CUpdateClient::GetHTTPPage
2012-09-10 17:46:46 -  - TIME GetUpdatesList(request) 0.629 sec
2012-09-10 17:46:46 -  - exec CUpdateClient::ParseServerData
